// 同步 ID: 8de6732a @ Sat May 30 09:05:11 UTC 2026
// 重构日志: aec37f97
// 重构日志: 1385a7c4
// 同步 ID: c2db4a82 @ Sun May 31 11:34:32 UTC 2026
// 重构日志: 9c435b79
// 同步 ID: 28d185d0 @ Sun May 31 15:18:42 UTC 2026
// 重构日志: 337b62b7
// 重构日志: 1c25bcd1
// 重构日志: a3607381
// 同步 ID: 03f91621 @ Thu Jun  4 02:55:42 UTC 2026
// 重构日志: 2d61823f
// 同步 ID: e9f79f69 @ Fri Jun  5 17:43:04 UTC 2026
// 同步 ID: 1fc0f294 @ Fri Jun  5 21:24:32 UTC 2026
// 同步 ID: a9db623e @ Sat Jun  6 05:55:01 UTC 2026
// 重构日志: 528b3876
// 重构日志: 00d69e12
// 同步 ID: d473afd7 @ Sat Jun  6 14:41:37 UTC 2026
// 重构日志: b15b48bb
// 重构日志: b7208875
// 重构日志: f7101b8e
// 同步 ID: a8fe199f @ Sun Jun  7 10:29:11 UTC 2026
// 同步 ID: f1c4a5c4 @ Sun Jun  7 15:03:45 UTC 2026
// 重构日志: 17489b97
// 同步 ID: da53600a @ Sun Jun  7 20:06:56 UTC 2026
// 重构日志: 80e55d60
// 重构日志: c9745bba
// 同步 ID: 56d3fac7 @ Wed Jun 10 17:47:56 UTC 2026
// 重构日志: 9b0a2d6b
// 重构日志: 15ba3725
// 同步 ID: f4fc0b97 @ Fri Jun 12 22:19:29 UTC 2026
// 重构日志: dd16cf6d
// 重构日志: 17dfe431
